[I 08:18:43.582 LabApp] Writing notebook server cookie secret to /run/user/1004/jupyter/notebook_cookie_secret
[I 08:18:47.892 LabApp] JupyterLab extension loaded from /home/apignet/anaconda3/lib/python3.7/site-packages/jupyterlab
[I 08:18:47.892 LabApp] JupyterLab application directory is /home/apignet/anaconda3/share/jupyter/lab
[W 08:18:47.898 LabApp] JupyterLab server extension not enabled, manually loading...
[I 08:18:47.900 LabApp] JupyterLab extension loaded from /home/apignet/anaconda3/lib/python3.7/site-packages/jupyterlab
[I 08:18:47.900 LabApp] JupyterLab application directory is /home/apignet/anaconda3/share/jupyter/lab
[I 08:18:47.901 LabApp] Serving notebooks from local directory: /home/apignet/homomorphic-encryption
[I 08:18:47.901 LabApp] The Jupyter Notebook is running at:
[I 08:18:47.901 LabApp] http://(he1-test or 127.0.0.1):8888/
[I 08:18:47.901 LabApp] Use Control-C to stop this server and shut down all kernels (twice to skip confirmation).
[I 08:23:30.833 LabApp] 302 GET / (159.180.248.170) 0.61ms
[I 08:23:30.848 LabApp] 302 GET /lab? (159.180.248.170) 0.74ms
[W 08:23:38.313 LabApp] 401 POST /login?next=%2Flab%3F (159.180.248.170) 1.89ms referer=http://35.205.167.109:8888/login?next=%2Flab%3F
[W 08:23:42.023 LabApp] Not allowing login redirect to '/lab?'
[I 08:23:42.024 LabApp] 302 POST /login?next=%2Flab%3F (159.180.248.170) 1.30ms
[I 08:23:42.039 LabApp] 302 GET / (159.180.248.170) 0.50ms
[W 08:23:43.379 LabApp] Could not determine jupyterlab build status without nodejs
[W 08:23:47.953 LabApp] 404 GET /api/contents/homomorphic-encryption/ckks_titanic/models?1595492627918 (159.180.248.170): No such file or directory: homomorphic-encryption/ckks_titanic/models
[W 08:23:47.953 LabApp] No such file or directory: homomorphic-encryption/ckks_titanic/models
[W 08:23:47.953 LabApp] 404 GET /api/contents/homomorphic-encryption/ckks_titanic/models?1595492627918 (159.180.248.170) 1.26ms referer=http://35.205.167.109:8888/lab?
[W 08:23:47.956 LabApp] 404 GET /api/contents/homomorphic-encryption/ckks_titanic/notebooks/2-ap-main.ipynb?content=0&1595492627922 (159.180.248.170): No such file or directory: homomorphic-encryption/ckks_titanic/notebooks/2-ap-main.ipynb
[W 08:23:47.956 LabApp] No such file or directory: homomorphic-encryption/ckks_titanic/notebooks/2-ap-main.ipynb
[W 08:23:47.957 LabApp] 404 GET /api/contents/homomorphic-encryption/ckks_titanic/notebooks/2-ap-main.ipynb?content=0&1595492627922 (159.180.248.170) 1.08ms referer=http://35.205.167.109:8888/lab?
[W 08:23:47.959 LabApp] 404 GET /api/contents/homomorphic-encryption/ckks_titanic/models/encrypted_LR.py?content=0&1595492627928 (159.180.248.170): No such file or directory: homomorphic-encryption/ckks_titanic/models/encrypted_LR.py
[W 08:23:47.959 LabApp] No such file or directory: homomorphic-encryption/ckks_titanic/models/encrypted_LR.py
[W 08:23:47.960 LabApp] 404 GET /api/contents/homomorphic-encryption/ckks_titanic/models/encrypted_LR.py?content=0&1595492627928 (159.180.248.170) 0.99ms referer=http://35.205.167.109:8888/lab?
[W 08:23:47.964 LabApp] 404 GET /api/contents/homomorphic-encryption/ckks_titanic/models/unencrypted_LR.py?content=0&1595492627932 (159.180.248.170): No such file or directory: homomorphic-encryption/ckks_titanic/models/unencrypted_LR.py
[W 08:23:47.964 LabApp] No such file or directory: homomorphic-encryption/ckks_titanic/models/unencrypted_LR.py
[W 08:23:47.964 LabApp] 404 GET /api/contents/homomorphic-encryption/ckks_titanic/models/unencrypted_LR.py?content=0&1595492627932 (159.180.248.170) 0.98ms referer=http://35.205.167.109:8888/lab?
[W 08:24:24.996 LabApp] Notebook ckks_titanic/notebooks/2-ap-main.ipynb is not trusted
[I 08:24:27.513 LabApp] Kernel started: 0250c6f6-c316-47b1-bf0e-314a8dbb77bd
[I 08:24:29.200 LabApp] Adapting to protocol v5.1 for kernel 0250c6f6-c316-47b1-bf0e-314a8dbb77bd
[I 08:24:29.235 LabApp] Adapting to protocol v5.1 for kernel 0250c6f6-c316-47b1-bf0e-314a8dbb77bd
[I 08:26:26.625 LabApp] Saving file at /ckks_titanic/notebooks/2-ap-main.ipynb
[W 08:26:26.626 LabApp] Notebook ckks_titanic/notebooks/2-ap-main.ipynb is not trusted
[I 08:28:26.839 LabApp] Saving file at /ckks_titanic/notebooks/2-ap-main.ipynb
[W 08:28:26.840 LabApp] Notebook ckks_titanic/notebooks/2-ap-main.ipynb is not trusted
[I 08:30:28.621 LabApp] Saving file at /ckks_titanic/notebooks/2-ap-main.ipynb
[W 08:30:28.622 LabApp] Notebook ckks_titanic/notebooks/2-ap-main.ipynb is not trusted
[I 08:32:28.805 LabApp] Saving file at /ckks_titanic/notebooks/2-ap-main.ipynb
[W 08:32:28.806 LabApp] Notebook ckks_titanic/notebooks/2-ap-main.ipynb is not trusted
[I 08:34:29.561 LabApp] Saving file at /ckks_titanic/notebooks/2-ap-main.ipynb
[W 08:34:29.562 LabApp] Notebook ckks_titanic/notebooks/2-ap-main.ipynb is not trusted
[I 08:36:32.254 LabApp] Saving file at /ckks_titanic/notebooks/2-ap-main.ipynb
[W 08:36:32.254 LabApp] Notebook ckks_titanic/notebooks/2-ap-main.ipynb is not trusted
[I 08:38:32.495 LabApp] Saving file at /ckks_titanic/notebooks/2-ap-main.ipynb
[W 08:38:32.495 LabApp] Notebook ckks_titanic/notebooks/2-ap-main.ipynb is not trusted
[I 08:40:32.727 LabApp] Saving file at /ckks_titanic/notebooks/2-ap-main.ipynb
[W 08:40:32.727 LabApp] Notebook ckks_titanic/notebooks/2-ap-main.ipynb is not trusted
[I 08:42:33.069 LabApp] Saving file at /ckks_titanic/notebooks/2-ap-main.ipynb
[W 08:42:33.070 LabApp] Notebook ckks_titanic/notebooks/2-ap-main.ipynb is not trusted
[I 08:44:33.847 LabApp] Saving file at /ckks_titanic/notebooks/2-ap-main.ipynb
[W 08:44:33.848 LabApp] Notebook ckks_titanic/notebooks/2-ap-main.ipynb is not trusted
[I 08:46:34.032 LabApp] Saving file at /ckks_titanic/notebooks/2-ap-main.ipynb
[W 08:46:34.032 LabApp] Notebook ckks_titanic/notebooks/2-ap-main.ipynb is not trusted
[I 08:52:34.256 LabApp] Saving file at /ckks_titanic/notebooks/2-ap-main.ipynb
[W 08:52:34.257 LabApp] Notebook ckks_titanic/notebooks/2-ap-main.ipynb is not trusted
[I 08:54:35.010 LabApp] Saving file at /ckks_titanic/notebooks/2-ap-main.ipynb
[W 08:54:35.011 LabApp] Notebook ckks_titanic/notebooks/2-ap-main.ipynb is not trusted
[I 08:56:35.130 LabApp] Saving file at /ckks_titanic/notebooks/2-ap-main.ipynb
[W 08:56:35.131 LabApp] Notebook ckks_titanic/notebooks/2-ap-main.ipynb is not trusted
[I 08:58:35.257 LabApp] Saving file at /ckks_titanic/notebooks/2-ap-main.ipynb
[W 08:58:35.258 LabApp] Notebook ckks_titanic/notebooks/2-ap-main.ipynb is not trusted
[I 09:00:35.381 LabApp] Saving file at /ckks_titanic/notebooks/2-ap-main.ipynb
[W 09:00:35.381 LabApp] Notebook ckks_titanic/notebooks/2-ap-main.ipynb is not trusted
[I 09:02:35.503 LabApp] Saving file at /ckks_titanic/notebooks/2-ap-main.ipynb
[I 09:04:35.729 LabApp] Saving file at /ckks_titanic/notebooks/2-ap-main.ipynb
[I 09:08:35.864 LabApp] Saving file at /ckks_titanic/notebooks/2-ap-main.ipynb
[I 09:10:36.053 LabApp] Saving file at /ckks_titanic/notebooks/2-ap-main.ipynb
[I 09:12:36.220 LabApp] Saving file at /ckks_titanic/notebooks/2-ap-main.ipynb
[I 09:14:36.382 LabApp] Saving file at /ckks_titanic/notebooks/2-ap-main.ipynb
[I 09:18:36.531 LabApp] Saving file at /ckks_titanic/notebooks/2-ap-main.ipynb
[I 09:20:36.668 LabApp] Saving file at /ckks_titanic/notebooks/2-ap-main.ipynb
[I 09:22:36.814 LabApp] Saving file at /ckks_titanic/notebooks/2-ap-main.ipynb
[I 09:24:36.946 LabApp] Saving file at /ckks_titanic/notebooks/2-ap-main.ipynb
[I 09:26:37.051 LabApp] Saving file at /ckks_titanic/notebooks/2-ap-main.ipynb
[I 09:30:37.172 LabApp] Saving file at /ckks_titanic/notebooks/2-ap-main.ipynb
[I 09:38:04.422 LabApp] Starting buffering for 0250c6f6-c316-47b1-bf0e-314a8dbb77bd:e80dd462-8716-42f6-b5fb-68f5e03aa270
[I 09:38:05.754 LabApp] Kernel restarted: 0250c6f6-c316-47b1-bf0e-314a8dbb77bd
[I 09:38:07.002 LabApp] Adapting to protocol v5.1 for kernel 0250c6f6-c316-47b1-bf0e-314a8dbb77bd
[I 09:38:07.002 LabApp] Restoring connection for 0250c6f6-c316-47b1-bf0e-314a8dbb77bd:e80dd462-8716-42f6-b5fb-68f5e03aa270
[I 09:38:07.002 LabApp] Replaying 7 buffered messages
[I 09:38:37.309 LabApp] Saving file at /ckks_titanic/notebooks/2-ap-main.ipynb
[I 09:40:36.004 LabApp] Saving file at /ckks_titanic/models/encrypted_LR.py
[I 09:40:36.448 LabApp] Saving file at /ckks_titanic/models/encrypted_LR.py
[I 09:40:36.631 LabApp] Saving file at /ckks_titanic/models/encrypted_LR.py
[I 09:40:36.816 LabApp] Saving file at /ckks_titanic/models/encrypted_LR.py
[I 09:40:41.990 LabApp] Starting buffering for 0250c6f6-c316-47b1-bf0e-314a8dbb77bd:e80dd462-8716-42f6-b5fb-68f5e03aa270
[I 09:40:42.507 LabApp] Kernel restarted: 0250c6f6-c316-47b1-bf0e-314a8dbb77bd
[I 09:40:43.736 LabApp] Adapting to protocol v5.1 for kernel 0250c6f6-c316-47b1-bf0e-314a8dbb77bd
[I 09:40:43.737 LabApp] Restoring connection for 0250c6f6-c316-47b1-bf0e-314a8dbb77bd:e80dd462-8716-42f6-b5fb-68f5e03aa270
[I 09:40:43.737 LabApp] Replaying 10 buffered messages
[I 09:42:37.431 LabApp] Saving file at /ckks_titanic/notebooks/2-ap-main.ipynb
[I 09:44:37.592 LabApp] Saving file at /ckks_titanic/notebooks/2-ap-main.ipynb
[I 09:52:37.761 LabApp] Saving file at /ckks_titanic/notebooks/2-ap-main.ipynb
[I 09:54:37.897 LabApp] Saving file at /ckks_titanic/notebooks/2-ap-main.ipynb
[I 09:56:38.924 LabApp] Saving file at /ckks_titanic/notebooks/2-ap-main.ipynb
[I 09:58:39.072 LabApp] Saving file at /ckks_titanic/notebooks/2-ap-main.ipynb
[I 10:04:39.427 LabApp] Saving file at /ckks_titanic/notebooks/2-ap-main.ipynb
[I 10:06:39.632 LabApp] Saving file at /ckks_titanic/notebooks/2-ap-main.ipynb
[I 10:10:55.507 LabApp] Kernel started: c66bfe4c-e0a3-40db-abd4-03b1cac0bac5
[I 10:10:56.766 LabApp] Adapting to protocol v5.1 for kernel c66bfe4c-e0a3-40db-abd4-03b1cac0bac5
[I 10:22:56.944 LabApp] Saving file at /ckks_titanic/notebooks/log-approx.ipynb
[I 10:26:40.997 LabApp] Saving file at /ckks_titanic/notebooks/2-ap-main.ipynb
[I 10:26:57.059 LabApp] Saving file at /ckks_titanic/notebooks/log-approx.ipynb
[I 11:59:56.310 LabApp] Starting buffering for 0250c6f6-c316-47b1-bf0e-314a8dbb77bd:e80dd462-8716-42f6-b5fb-68f5e03aa270
[I 11:59:57.139 LabApp] Kernel restarted: 0250c6f6-c316-47b1-bf0e-314a8dbb77bd
[I 11:59:58.378 LabApp] Adapting to protocol v5.1 for kernel 0250c6f6-c316-47b1-bf0e-314a8dbb77bd
[I 11:59:58.379 LabApp] Restoring connection for 0250c6f6-c316-47b1-bf0e-314a8dbb77bd:e80dd462-8716-42f6-b5fb-68f5e03aa270
[I 11:59:58.379 LabApp] Replaying 10 buffered messages
[I 12:00:41.270 LabApp] Saving file at /ckks_titanic/notebooks/2-ap-main.ipynb
[I 12:02:42.029 LabApp] Saving file at /ckks_titanic/notebooks/2-ap-main.ipynb
[I 12:04:43.096 LabApp] Saving file at /ckks_titanic/notebooks/2-ap-main.ipynb
[I 12:06:43.349 LabApp] Saving file at /ckks_titanic/notebooks/2-ap-main.ipynb
[I 12:08:43.680 LabApp] Saving file at /ckks_titanic/notebooks/2-ap-main.ipynb
[I 12:12:43.843 LabApp] Saving file at /ckks_titanic/notebooks/2-ap-main.ipynb
[I 13:20:21.892 LabApp] Saving file at /ckks_titanic/notebooks/2-ap-main.ipynb
[I 13:21:10.378 LabApp] Starting buffering for 0250c6f6-c316-47b1-bf0e-314a8dbb77bd:e80dd462-8716-42f6-b5fb-68f5e03aa270
[I 13:21:11.114 LabApp] Kernel restarted: 0250c6f6-c316-47b1-bf0e-314a8dbb77bd
[I 13:21:12.441 LabApp] Adapting to protocol v5.1 for kernel 0250c6f6-c316-47b1-bf0e-314a8dbb77bd
[I 13:21:12.442 LabApp] Restoring connection for 0250c6f6-c316-47b1-bf0e-314a8dbb77bd:e80dd462-8716-42f6-b5fb-68f5e03aa270
[I 13:21:12.442 LabApp] Replaying 10 buffered messages
[I 13:22:22.075 LabApp] Saving file at /ckks_titanic/notebooks/2-ap-main.ipynb
[I 13:27:56.493 LabApp] Copying ckks_titanic/notebooks/2-ap-main.ipynb to /ckks_titanic/notebooks
[I 13:28:26.336 LabApp] Kernel started: 1be3a0e0-1da3-4946-a62f-2ec9099435ea
[I 13:28:27.511 LabApp] Adapting to protocol v5.1 for kernel 1be3a0e0-1da3-4946-a62f-2ec9099435ea
[I 13:29:59.835 LabApp] Starting buffering for 1be3a0e0-1da3-4946-a62f-2ec9099435ea:865c9dea-e6ba-4df5-880b-2207a99f38b9
[I 13:30:00.155 LabApp] Kernel restarted: 1be3a0e0-1da3-4946-a62f-2ec9099435ea
[I 13:30:01.427 LabApp] Adapting to protocol v5.1 for kernel 1be3a0e0-1da3-4946-a62f-2ec9099435ea
[I 13:30:01.428 LabApp] Restoring connection for 1be3a0e0-1da3-4946-a62f-2ec9099435ea:865c9dea-e6ba-4df5-880b-2207a99f38b9
[I 13:30:01.428 LabApp] Replaying 9 buffered messages
[I 13:30:25.124 LabApp] Saving file at /ckks_titanic/notebooks/testing the NAG.ipynb
[I 14:03:59.061 LabApp] Starting buffering for 1be3a0e0-1da3-4946-a62f-2ec9099435ea:865c9dea-e6ba-4df5-880b-2207a99f38b9
[I 14:03:59.595 LabApp] Kernel restarted: 1be3a0e0-1da3-4946-a62f-2ec9099435ea
[I 14:04:00.841 LabApp] Adapting to protocol v5.1 for kernel 1be3a0e0-1da3-4946-a62f-2ec9099435ea
[I 14:04:00.842 LabApp] Restoring connection for 1be3a0e0-1da3-4946-a62f-2ec9099435ea:865c9dea-e6ba-4df5-880b-2207a99f38b9
[I 14:04:00.842 LabApp] Replaying 7 buffered messages
[I 14:04:06.021 LabApp] Starting buffering for 1be3a0e0-1da3-4946-a62f-2ec9099435ea:865c9dea-e6ba-4df5-880b-2207a99f38b9
[I 14:04:06.335 LabApp] Kernel restarted: 1be3a0e0-1da3-4946-a62f-2ec9099435ea
[I 14:04:07.587 LabApp] Adapting to protocol v5.1 for kernel 1be3a0e0-1da3-4946-a62f-2ec9099435ea
[I 14:04:07.588 LabApp] Restoring connection for 1be3a0e0-1da3-4946-a62f-2ec9099435ea:865c9dea-e6ba-4df5-880b-2207a99f38b9
[I 14:04:07.588 LabApp] Replaying 7 buffered messages
[I 14:04:25.315 LabApp] Saving file at /ckks_titanic/notebooks/testing the NAG.ipynb
[I 14:06:25.457 LabApp] Saving file at /ckks_titanic/notebooks/testing the NAG.ipynb
[I 14:08:25.594 LabApp] Saving file at /ckks_titanic/notebooks/testing the NAG.ipynb
[I 14:09:53.547 LabApp] Saving file at /ckks_titanic/notebooks/testing the NAG.ipynb
[I 14:22:42.364 LabApp] Kernel shutdown: 1be3a0e0-1da3-4946-a62f-2ec9099435ea
[I 14:22:44.483 LabApp] Kernel shutdown: c66bfe4c-e0a3-40db-abd4-03b1cac0bac5
[I 14:22:47.334 LabApp] Adapting to protocol v5.1 for kernel 0250c6f6-c316-47b1-bf0e-314a8dbb77bd
[I 14:23:13.915 LabApp] Kernel started: 1e514758-d040-4c5a-af4c-2056869b39e0
[I 14:23:15.135 LabApp] Adapting to protocol v5.1 for kernel 1e514758-d040-4c5a-af4c-2056869b39e0
[I 14:23:38.420 LabApp] Starting buffering for 0250c6f6-c316-47b1-bf0e-314a8dbb77bd:aadbb498-33c9-4ef9-b1db-0dac32421c62
[I 14:23:39.042 LabApp] Kernel restarted: 0250c6f6-c316-47b1-bf0e-314a8dbb77bd
[I 14:23:40.322 LabApp] Adapting to protocol v5.1 for kernel 0250c6f6-c316-47b1-bf0e-314a8dbb77bd
[I 14:23:40.323 LabApp] Discarding 10 buffered messages for 0250c6f6-c316-47b1-bf0e-314a8dbb77bd:aadbb498-33c9-4ef9-b1db-0dac32421c62
[I 14:23:40.356 LabApp] Adapting to protocol v5.1 for kernel 0250c6f6-c316-47b1-bf0e-314a8dbb77bd
[I 14:24:46.370 LabApp] Saving file at /ckks_titanic/notebooks/2-ap-main.ipynb
[I 14:28:46.527 LabApp] Saving file at /ckks_titanic/notebooks/2-ap-main.ipynb
[I 14:30:46.671 LabApp] Saving file at /ckks_titanic/notebooks/2-ap-main.ipynb
[I 14:31:40.797 LabApp] Saving file at /ckks_titanic/models/encrypted_LR.py
[I 14:31:46.852 LabApp] Starting buffering for 0250c6f6-c316-47b1-bf0e-314a8dbb77bd:aadbb498-33c9-4ef9-b1db-0dac32421c62
[I 14:31:47.375 LabApp] Kernel restarted: 0250c6f6-c316-47b1-bf0e-314a8dbb77bd
[I 14:31:48.818 LabApp] Adapting to protocol v5.1 for kernel 0250c6f6-c316-47b1-bf0e-314a8dbb77bd
[I 14:31:48.819 LabApp] Discarding 9 buffered messages for 0250c6f6-c316-47b1-bf0e-314a8dbb77bd:aadbb498-33c9-4ef9-b1db-0dac32421c62
[I 14:31:48.853 LabApp] Adapting to protocol v5.1 for kernel 0250c6f6-c316-47b1-bf0e-314a8dbb77bd
[I 14:32:46.808 LabApp] Saving file at /ckks_titanic/notebooks/2-ap-main.ipynb
[I 14:33:40.909 LabApp] Saving file at /ckks_titanic/models/encrypted_LR.py
[I 14:33:59.342 LabApp] Saving file at /ckks_titanic/models/encrypted_LR.py
[I 14:34:06.517 LabApp] Starting buffering for 0250c6f6-c316-47b1-bf0e-314a8dbb77bd:aadbb498-33c9-4ef9-b1db-0dac32421c62
[I 14:34:07.032 LabApp] Kernel restarted: 0250c6f6-c316-47b1-bf0e-314a8dbb77bd
[I 14:34:08.273 LabApp] Adapting to protocol v5.1 for kernel 0250c6f6-c316-47b1-bf0e-314a8dbb77bd
[I 14:34:08.274 LabApp] Discarding 7 buffered messages for 0250c6f6-c316-47b1-bf0e-314a8dbb77bd:aadbb498-33c9-4ef9-b1db-0dac32421c62
[I 14:34:08.304 LabApp] Adapting to protocol v5.1 for kernel 0250c6f6-c316-47b1-bf0e-314a8dbb77bd
[I 14:34:46.952 LabApp] Saving file at /ckks_titanic/notebooks/2-ap-main.ipynb
[I 14:36:47.119 LabApp] Saving file at /ckks_titanic/notebooks/2-ap-main.ipynb
[I 14:43:13.093 LabApp] Saving file at /ckks_titanic/models/encrypted_LR.py
[I 14:43:13.299 LabApp] Saving file at /ckks_titanic/models/encrypted_LR.py
[I 14:43:13.451 LabApp] Saving file at /ckks_titanic/models/encrypted_LR.py
[I 14:43:13.652 LabApp] Saving file at /ckks_titanic/models/encrypted_LR.py
[I 14:43:13.836 LabApp] Saving file at /ckks_titanic/models/encrypted_LR.py
[I 14:43:13.997 LabApp] Saving file at /ckks_titanic/models/encrypted_LR.py
[I 14:43:14.163 LabApp] Saving file at /ckks_titanic/models/encrypted_LR.py
[I 14:43:14.343 LabApp] Saving file at /ckks_titanic/models/encrypted_LR.py
[I 14:43:14.534 LabApp] Saving file at /ckks_titanic/models/encrypted_LR.py
[I 14:43:14.677 LabApp] Saving file at /ckks_titanic/models/encrypted_LR.py
[I 14:43:14.858 LabApp] Saving file at /ckks_titanic/models/encrypted_LR.py
[I 14:43:15.025 LabApp] Saving file at /ckks_titanic/models/encrypted_LR.py
[I 14:43:15.202 LabApp] Saving file at /ckks_titanic/models/encrypted_LR.py
[I 14:44:47.228 LabApp] Saving file at /ckks_titanic/notebooks/2-ap-main.ipynb
[I 14:46:47.381 LabApp] Saving file at /ckks_titanic/notebooks/2-ap-main.ipynb
[I 14:48:47.588 LabApp] Saving file at /ckks_titanic/notebooks/2-ap-main.ipynb
[I 14:50:21.042 LabApp] Starting buffering for 0250c6f6-c316-47b1-bf0e-314a8dbb77bd:aadbb498-33c9-4ef9-b1db-0dac32421c62
[I 14:50:26.078 LabApp] Kernel restarted: 0250c6f6-c316-47b1-bf0e-314a8dbb77bd
[I 14:50:27.302 LabApp] Adapting to protocol v5.1 for kernel 0250c6f6-c316-47b1-bf0e-314a8dbb77bd
[I 14:50:27.303 LabApp] Discarding 3 buffered messages for 0250c6f6-c316-47b1-bf0e-314a8dbb77bd:aadbb498-33c9-4ef9-b1db-0dac32421c62
[I 14:50:27.333 LabApp] Adapting to protocol v5.1 for kernel 0250c6f6-c316-47b1-bf0e-314a8dbb77bd
[I 14:50:47.731 LabApp] Saving file at /ckks_titanic/notebooks/2-ap-main.ipynb
[I 14:51:20.780 LabApp] Saving file at /ckks_titanic/notebooks/2-ap-main.ipynb
[I 14:53:20.966 LabApp] Saving file at /ckks_titanic/notebooks/2-ap-main.ipynb
[I 14:55:21.186 LabApp] Saving file at /ckks_titanic/notebooks/2-ap-main.ipynb
[I 14:57:21.518 LabApp] Saving file at /ckks_titanic/notebooks/2-ap-main.ipynb
[I 14:59:21.770 LabApp] Saving file at /ckks_titanic/notebooks/2-ap-main.ipynb
[I 15:11:22.423 LabApp] Saving file at /ckks_titanic/notebooks/2-ap-main.ipynb
[I 15:12:09.396 LabApp] Starting buffering for 1e514758-d040-4c5a-af4c-2056869b39e0:85fde789-d57b-4a99-baa0-41dd5db91bac
[I 15:12:09.762 LabApp] Kernel restarted: 1e514758-d040-4c5a-af4c-2056869b39e0
[I 15:12:11.062 LabApp] Adapting to protocol v5.1 for kernel 1e514758-d040-4c5a-af4c-2056869b39e0
[I 15:12:11.063 LabApp] Restoring connection for 1e514758-d040-4c5a-af4c-2056869b39e0:85fde789-d57b-4a99-baa0-41dd5db91bac
[I 15:12:11.063 LabApp] Replaying 9 buffered messages
[I 15:13:13.310 LabApp] Saving file at /ckks_titanic/notebooks/testing the NAG.ipynb
[I 15:15:22.578 LabApp] Saving file at /ckks_titanic/notebooks/2-ap-main.ipynb
[I 15:17:22.770 LabApp] Saving file at /ckks_titanic/notebooks/2-ap-main.ipynb
[I 15:19:22.948 LabApp] Saving file at /ckks_titanic/notebooks/2-ap-main.ipynb
[I 15:23:23.125 LabApp] Saving file at /ckks_titanic/notebooks/2-ap-main.ipynb
[I 15:25:23.337 LabApp] Saving file at /ckks_titanic/notebooks/2-ap-main.ipynb
[I 15:27:23.550 LabApp] Saving file at /ckks_titanic/notebooks/2-ap-main.ipynb
[I 15:29:23.760 LabApp] Saving file at /ckks_titanic/notebooks/2-ap-main.ipynb
[I 15:31:23.995 LabApp] Saving file at /ckks_titanic/notebooks/2-ap-main.ipynb
[I 15:33:24.209 LabApp] Saving file at /ckks_titanic/notebooks/2-ap-main.ipynb
[I 15:35:24.366 LabApp] Saving file at /ckks_titanic/notebooks/2-ap-main.ipynb
[I 15:37:13.507 LabApp] Saving file at /ckks_titanic/notebooks/testing the NAG.ipynb
[I 15:37:24.517 LabApp] Saving file at /ckks_titanic/notebooks/2-ap-main.ipynb
[I 15:39:24.729 LabApp] Saving file at /ckks_titanic/notebooks/2-ap-main.ipynb
[I 15:41:25.028 LabApp] Saving file at /ckks_titanic/notebooks/2-ap-main.ipynb
[I 15:43:25.225 LabApp] Saving file at /ckks_titanic/notebooks/2-ap-main.ipynb
[I 15:45:25.433 LabApp] Saving file at /ckks_titanic/notebooks/2-ap-main.ipynb
[I 15:47:25.651 LabApp] Saving file at /ckks_titanic/notebooks/2-ap-main.ipynb
[I 15:49:25.916 LabApp] Saving file at /ckks_titanic/notebooks/2-ap-main.ipynb
[I 15:51:26.072 LabApp] Saving file at /ckks_titanic/notebooks/2-ap-main.ipynb
[I 15:53:26.274 LabApp] Saving file at /ckks_titanic/notebooks/2-ap-main.ipynb
[I 15:55:26.489 LabApp] Saving file at /ckks_titanic/notebooks/2-ap-main.ipynb
[I 16:00:16.628 LabApp] Saving file at /ckks_titanic/notebooks/2-ap-main.ipynb
[I 16:06:12.928 LabApp] Starting buffering for 0250c6f6-c316-47b1-bf0e-314a8dbb77bd:e80dd462-8716-42f6-b5fb-68f5e03aa270
[I 16:06:13.558 LabApp] Kernel restarted: 0250c6f6-c316-47b1-bf0e-314a8dbb77bd
[I 16:06:14.782 LabApp] Adapting to protocol v5.1 for kernel 0250c6f6-c316-47b1-bf0e-314a8dbb77bd
[I 16:06:14.783 LabApp] Restoring connection for 0250c6f6-c316-47b1-bf0e-314a8dbb77bd:e80dd462-8716-42f6-b5fb-68f5e03aa270
[I 16:06:14.783 LabApp] Replaying 10 buffered messages
[I 16:06:14.812 LabApp] Adapting to protocol v5.1 for kernel 0250c6f6-c316-47b1-bf0e-314a8dbb77bd
[I 16:06:16.814 LabApp] Saving file at /ckks_titanic/notebooks/2-ap-main.ipynb
[I 16:07:24.294 LabApp] Saving file at /ckks_titanic/models/encrypted_LR.py
[I 16:07:25.129 LabApp] Saving file at /ckks_titanic/models/encrypted_LR.py
[I 16:07:25.309 LabApp] Saving file at /ckks_titanic/models/encrypted_LR.py
[I 16:07:25.445 LabApp] Saving file at /ckks_titanic/models/encrypted_LR.py
[I 16:07:25.617 LabApp] Saving file at /ckks_titanic/models/encrypted_LR.py
[I 16:07:32.884 LabApp] Saving file at /ckks_titanic/models/encrypted_LR.py
[I 16:07:43.285 LabApp] Starting buffering for 0250c6f6-c316-47b1-bf0e-314a8dbb77bd:aadbb498-33c9-4ef9-b1db-0dac32421c62
[I 16:07:43.807 LabApp] Kernel restarted: 0250c6f6-c316-47b1-bf0e-314a8dbb77bd
[I 16:07:45.042 LabApp] Adapting to protocol v5.1 for kernel 0250c6f6-c316-47b1-bf0e-314a8dbb77bd
[I 16:07:45.043 LabApp] Discarding 10 buffered messages for 0250c6f6-c316-47b1-bf0e-314a8dbb77bd:aadbb498-33c9-4ef9-b1db-0dac32421c62
[I 16:07:45.073 LabApp] Adapting to protocol v5.1 for kernel 0250c6f6-c316-47b1-bf0e-314a8dbb77bd
[I 16:08:16.963 LabApp] Saving file at /ckks_titanic/notebooks/2-ap-main.ipynb
[I 16:08:36.718 LabApp] Saving file at /ckks_titanic/models/encrypted_LR.py
[I 16:08:42.369 LabApp] Starting buffering for 0250c6f6-c316-47b1-bf0e-314a8dbb77bd:aadbb498-33c9-4ef9-b1db-0dac32421c62
[I 16:08:42.890 LabApp] Kernel restarted: 0250c6f6-c316-47b1-bf0e-314a8dbb77bd
[I 16:08:44.226 LabApp] Adapting to protocol v5.1 for kernel 0250c6f6-c316-47b1-bf0e-314a8dbb77bd
[I 16:08:44.228 LabApp] Discarding 10 buffered messages for 0250c6f6-c316-47b1-bf0e-314a8dbb77bd:aadbb498-33c9-4ef9-b1db-0dac32421c62
[I 16:08:44.260 LabApp] Adapting to protocol v5.1 for kernel 0250c6f6-c316-47b1-bf0e-314a8dbb77bd
[I 09:52:20.362 LabApp] JupyterLab extension loaded from /home/apignet/anaconda3/lib/python3.7/site-packages/jupyterlab
[I 09:52:20.362 LabApp] JupyterLab application directory is /home/apignet/anaconda3/share/jupyter/lab
[W 09:52:20.363 LabApp] JupyterLab server extension not enabled, manually loading...
[I 09:52:20.365 LabApp] JupyterLab extension loaded from /home/apignet/anaconda3/lib/python3.7/site-packages/jupyterlab
[I 09:52:20.365 LabApp] JupyterLab application directory is /home/apignet/anaconda3/share/jupyter/lab
[I 09:52:20.365 LabApp] Serving notebooks from local directory: /home/apignet/homomorphic-encryption
[I 09:52:20.365 LabApp] The Jupyter Notebook is running at:
[I 09:52:20.365 LabApp] http://(he2-test or 127.0.0.1):8888/
[I 09:52:20.365 LabApp] Use Control-C to stop this server and shut down all kernels (twice to skip confirmation).
[W 09:52:23.194 LabApp] Clearing invalid/expired login cookie username-34-76-171-62-8888
[W 09:52:23.195 LabApp] Forbidden
[W 09:52:23.196 LabApp] 403 GET /api/sessions?_=1597308684384 (159.180.248.170) 2.03ms referer=http://34.76.171.62:8888/tree/homomorphic-encryption/ckks_titanic
[W 09:52:23.196 LabApp] Clearing invalid/expired login cookie username-34-76-171-62-8888
[W 09:52:23.197 LabApp] Forbidden
[W 09:52:23.197 LabApp] 403 GET /api/terminals?_=1597308684385 (159.180.248.170) 0.66ms referer=http://34.76.171.62:8888/tree/homomorphic-encryption/ckks_titanic
[W 09:52:23.228 LabApp] Clearing invalid/expired login cookie username-34-76-171-62-8888
[W 09:52:23.228 LabApp] Clearing invalid/expired login cookie username-34-76-171-62-8888
[I 09:52:23.229 LabApp] 302 GET /tree/homomorphic-encryption/ckks_titanic (159.180.248.170) 0.93ms
[W 09:52:27.689 LabApp] 401 POST /login?next=%2Ftree%2Fhomomorphic-encryption%2Fckks_titanic (159.180.248.170) 1.51ms referer=http://34.76.171.62:8888/login?next=%2Ftree%2Fhomomorphic-encryption%2Fckks_titanic
[I 09:52:33.218 LabApp] 302 POST /login?next=%2Ftree%2Fhomomorphic-encryption%2Fckks_titanic (159.180.248.170) 0.94ms
[W 09:52:33.237 LabApp] 404 GET /tree/homomorphic-encryption/ckks_titanic (159.180.248.170) 5.00ms referer=http://34.76.171.62:8888/login?next=%2Ftree%2Fhomomorphic-encryption%2Fckks_titanic
[I 09:52:37.908 LabApp] 302 GET / (159.180.248.170) 0.40ms
[W 09:52:39.021 LabApp] Could not determine jupyterlab build status without nodejs
[W 09:52:39.210 LabApp] 404 GET /lab/api/workspaces/lab?1597312359138 (159.180.248.170): Workspace 'lab' ('lab-a511') not found
[W 09:52:39.210 LabApp] Workspace 'lab' ('lab-a511') not found
[W 09:52:39.210 LabApp] 404 GET /lab/api/workspaces/lab?1597312359138 (159.180.248.170) 1.83ms referer=http://34.76.171.62:8888/lab?
[I 09:52:54.579 LabApp] Writing notebook-signing key to /home/apignet/.local/share/jupyter/notebook_secret
[W 09:52:54.581 LabApp] Notebook ckks_titanic/notebooks/1-ap- processing.ipynb is not trusted
[I 09:52:55.935 LabApp] Kernel started: 737aa429-f754-471c-8acb-e5b83bd51b1b
[I 09:52:56.799 LabApp] Adapting to protocol v5.1 for kernel 737aa429-f754-471c-8acb-e5b83bd51b1b
[I 09:52:56.831 LabApp] Adapting to protocol v5.1 for kernel 737aa429-f754-471c-8acb-e5b83bd51b1b
[W 09:53:26.731 LabApp] Notebook ckks_titanic/notebooks/2-ap-main.ipynb is not trusted
[I 09:53:29.756 LabApp] Kernel started: b7d2be0e-3b00-410a-94ee-4339f6d14aae
[I 09:53:30.548 LabApp] Adapting to protocol v5.1 for kernel b7d2be0e-3b00-410a-94ee-4339f6d14aae
[W 09:54:05.348 LabApp] Notebook ckks_titanic/notebooks/3-ap-Alice.ipynb is not trusted
[I 09:54:06.744 LabApp] Kernel started: d73133aa-8657-4436-85a2-1b2dbea385ad
[I 09:54:07.551 LabApp] Adapting to protocol v5.1 for kernel d73133aa-8657-4436-85a2-1b2dbea385ad
[W 09:54:32.008 LabApp] Notebook ckks_titanic/notebooks/3-ap-Bob.ipynb is not trusted
[I 09:54:33.852 LabApp] Kernel started: 2ff45116-2a95-459e-a8fa-80e12020c6aa
[I 09:54:34.700 LabApp] Adapting to protocol v5.1 for kernel 2ff45116-2a95-459e-a8fa-80e12020c6aa
[I 09:54:55.693 LabApp] Saving file at /ckks_titanic/notebooks/1-ap- processing.ipynb
[W 09:54:55.694 LabApp] Notebook ckks_titanic/notebooks/1-ap- processing.ipynb is not trusted
[I 09:55:12.539 LabApp] Saving file at /ckks_titanic/notebooks/3-ap-Bob.ipynb
[W 09:55:12.540 LabApp] Notebook ckks_titanic/notebooks/3-ap-Bob.ipynb is not trusted
[I 09:55:28.446 LabApp] Saving file at /ckks_titanic/notebooks/2-ap-main.ipynb
[W 09:55:28.447 LabApp] Notebook ckks_titanic/notebooks/2-ap-main.ipynb is not trusted
[I 09:56:06.145 LabApp] Saving file at /ckks_titanic/notebooks/3-ap-Alice.ipynb
[W 09:56:06.146 LabApp] Notebook ckks_titanic/notebooks/3-ap-Alice.ipynb is not trusted
[W 09:56:28.402 LabApp] delete /ckks_titanic/notebooks/alice test socket.ipynb
[W 09:56:34.844 LabApp] delete /ckks_titanic/notebooks/bob test socket.ipynb
[W 09:56:40.698 LabApp] delete /ckks_titanic/notebooks/testing serialization and multiprocessing.ipynb
[W 09:56:54.868 LabApp] delete /ckks_titanic/notebooks/testing the NAG.ipynb
[W 09:58:45.230 LabApp] Notebook ckks_titanic/notebooks/1-ap-polynomial-approximations.ipynb is not trusted
[I 09:58:45.652 LabApp] Kernel started: f6375cae-80ee-4706-a1fc-accdeb859011
[I 09:58:46.505 LabApp] Adapting to protocol v5.1 for kernel f6375cae-80ee-4706-a1fc-accdeb859011
[I 10:00:45.507 LabApp] Saving file at /ckks_titanic/notebooks/1-ap-polynomial-approximations.ipynb
[W 10:00:45.508 LabApp] Notebook ckks_titanic/notebooks/1-ap-polynomial-approximations.ipynb is not trusted
[I 10:08:57.648 LabApp] Saving file at /ckks_titanic/notebooks/0-ap- processing.ipynb
[W 10:08:57.649 LabApp] Notebook ckks_titanic/notebooks/0-ap- processing.ipynb is not trusted
[I 10:14:57.851 LabApp] Saving file at /ckks_titanic/notebooks/0-ap- processing.ipynb
[W 10:14:57.851 LabApp] Notebook ckks_titanic/notebooks/0-ap- processing.ipynb is not trusted
[I 10:16:58.172 LabApp] Saving file at /ckks_titanic/notebooks/0-ap- processing.ipynb
[W 10:16:58.173 LabApp] Notebook ckks_titanic/notebooks/0-ap- processing.ipynb is not trusted
[I 10:18:58.323 LabApp] Saving file at /ckks_titanic/notebooks/0-ap- processing.ipynb
[W 10:18:58.323 LabApp] Notebook ckks_titanic/notebooks/0-ap- processing.ipynb is not trusted
[I 10:20:58.583 LabApp] Saving file at /ckks_titanic/notebooks/0-ap- processing.ipynb
[W 10:20:58.583 LabApp] Notebook ckks_titanic/notebooks/0-ap- processing.ipynb is not trusted
[I 10:22:58.757 LabApp] Saving file at /ckks_titanic/notebooks/0-ap- processing.ipynb
[W 10:22:58.758 LabApp] Notebook ckks_titanic/notebooks/0-ap- processing.ipynb is not trusted
[I 10:30:58.983 LabApp] Saving file at /ckks_titanic/notebooks/0-ap- processing.ipynb
[W 10:30:58.984 LabApp] Notebook ckks_titanic/notebooks/0-ap- processing.ipynb is not trusted
[I 10:32:59.221 LabApp] Saving file at /ckks_titanic/notebooks/0-ap- processing.ipynb
[W 10:32:59.222 LabApp] Notebook ckks_titanic/notebooks/0-ap- processing.ipynb is not trusted
[I 10:34:59.407 LabApp] Saving file at /ckks_titanic/notebooks/0-ap- processing.ipynb
[W 10:34:59.408 LabApp] Notebook ckks_titanic/notebooks/0-ap- processing.ipynb is not trusted
[I 10:36:59.564 LabApp] Saving file at /ckks_titanic/notebooks/0-ap- processing.ipynb
[W 10:36:59.565 LabApp] Notebook ckks_titanic/notebooks/0-ap- processing.ipynb is not trusted
[I 10:38:59.777 LabApp] Saving file at /ckks_titanic/notebooks/0-ap- processing.ipynb
[W 10:38:59.778 LabApp] Notebook ckks_titanic/notebooks/0-ap- processing.ipynb is not trusted
[I 10:40:59.981 LabApp] Saving file at /ckks_titanic/notebooks/0-ap- processing.ipynb
[W 10:40:59.981 LabApp] Notebook ckks_titanic/notebooks/0-ap- processing.ipynb is not trusted
[I 10:43:00.150 LabApp] Saving file at /ckks_titanic/notebooks/0-ap- processing.ipynb
[W 10:43:00.151 LabApp] Notebook ckks_titanic/notebooks/0-ap- processing.ipynb is not trusted
[I 10:45:00.317 LabApp] Saving file at /ckks_titanic/notebooks/0-ap- processing.ipynb
[W 10:45:00.318 LabApp] Notebook ckks_titanic/notebooks/0-ap- processing.ipynb is not trusted
[I 10:47:00.632 LabApp] Saving file at /ckks_titanic/notebooks/0-ap- processing.ipynb
[W 10:47:00.633 LabApp] Notebook ckks_titanic/notebooks/0-ap- processing.ipynb is not trusted
[I 10:48:09.874 LabApp] Saving file at /ckks_titanic/notebooks/0-ap- processing.ipynb
[W 10:48:09.875 LabApp] Notebook ckks_titanic/notebooks/0-ap- processing.ipynb is not trusted
[I 10:49:51.505 LabApp] Saving file at /ckks_titanic/notebooks/A-ap- processing.ipynb
[W 10:49:51.505 LabApp] Notebook ckks_titanic/notebooks/A-ap- processing.ipynb is not trusted
[I 10:51:51.724 LabApp] Saving file at /ckks_titanic/notebooks/A-ap- processing.ipynb
[W 10:51:51.724 LabApp] Notebook ckks_titanic/notebooks/A-ap- processing.ipynb is not trusted
[I 10:53:52.031 LabApp] Saving file at /ckks_titanic/notebooks/A-ap- processing.ipynb
[W 10:53:52.032 LabApp] Notebook ckks_titanic/notebooks/A-ap- processing.ipynb is not trusted
[I 11:51:52.275 LabApp] Saving file at /ckks_titanic/notebooks/A-ap- processing.ipynb
[W 11:51:52.276 LabApp] Notebook ckks_titanic/notebooks/A-ap- processing.ipynb is not trusted
[I 11:52:47.614 LabApp] Saving file at /ckks_titanic/notebooks/Appendix B-ap-polynomial-approximations.ipynb
[W 11:52:47.614 LabApp] Notebook ckks_titanic/notebooks/Appendix B-ap-polynomial-approximations.ipynb is not trusted
[I 11:54:47.682 LabApp] Saving file at /ckks_titanic/notebooks/Appendix B-ap-polynomial-approximations.ipynb
[W 11:54:47.682 LabApp] Notebook ckks_titanic/notebooks/Appendix B-ap-polynomial-approximations.ipynb is not trusted
[I 11:55:30.878 LabApp] Saving file at /ckks_titanic/notebooks/0-ap-main.ipynb
[W 11:55:30.879 LabApp] Notebook ckks_titanic/notebooks/0-ap-main.ipynb is not trusted
[I 11:56:47.823 LabApp] Saving file at /ckks_titanic/notebooks/Appendix B-ap-polynomial-approximations.ipynb
[W 11:56:47.823 LabApp] Notebook ckks_titanic/notebooks/Appendix B-ap-polynomial-approximations.ipynb is not trusted
[I 11:58:47.929 LabApp] Saving file at /ckks_titanic/notebooks/Appendix B-ap-polynomial-approximations.ipynb
[W 11:58:47.930 LabApp] Notebook ckks_titanic/notebooks/Appendix B-ap-polynomial-approximations.ipynb is not trusted
[I 12:00:48.019 LabApp] Saving file at /ckks_titanic/notebooks/Appendix B-ap-polynomial-approximations.ipynb
[W 12:00:48.020 LabApp] Notebook ckks_titanic/notebooks/Appendix B-ap-polynomial-approximations.ipynb is not trusted
[I 12:02:48.097 LabApp] Saving file at /ckks_titanic/notebooks/Appendix B-ap-polynomial-approximations.ipynb
[W 12:02:48.097 LabApp] Notebook ckks_titanic/notebooks/Appendix B-ap-polynomial-approximations.ipynb is not trusted
[I 12:04:48.181 LabApp] Saving file at /ckks_titanic/notebooks/Appendix B-ap-polynomial-approximations.ipynb
[W 12:04:48.181 LabApp] Notebook ckks_titanic/notebooks/Appendix B-ap-polynomial-approximations.ipynb is not trusted
[I 12:06:48.271 LabApp] Saving file at /ckks_titanic/notebooks/Appendix B-ap-polynomial-approximations.ipynb
[W 12:06:48.271 LabApp] Notebook ckks_titanic/notebooks/Appendix B-ap-polynomial-approximations.ipynb is not trusted
[I 12:08:48.404 LabApp] Saving file at /ckks_titanic/notebooks/Appendix B-ap-polynomial-approximations.ipynb
[W 12:08:48.404 LabApp] Notebook ckks_titanic/notebooks/Appendix B-ap-polynomial-approximations.ipynb is not trusted
[I 12:10:48.513 LabApp] Saving file at /ckks_titanic/notebooks/Appendix B-ap-polynomial-approximations.ipynb
[W 12:10:48.513 LabApp] Notebook ckks_titanic/notebooks/Appendix B-ap-polynomial-approximations.ipynb is not trusted
[I 12:12:48.615 LabApp] Saving file at /ckks_titanic/notebooks/Appendix B-ap-polynomial-approximations.ipynb
[W 12:12:48.616 LabApp] Notebook ckks_titanic/notebooks/Appendix B-ap-polynomial-approximations.ipynb is not trusted
[I 12:14:48.735 LabApp] Saving file at /ckks_titanic/notebooks/Appendix B-ap-polynomial-approximations.ipynb
[W 12:14:48.735 LabApp] Notebook ckks_titanic/notebooks/Appendix B-ap-polynomial-approximations.ipynb is not trusted
[I 12:16:48.866 LabApp] Saving file at /ckks_titanic/notebooks/Appendix B-ap-polynomial-approximations.ipynb
[W 12:16:48.867 LabApp] Notebook ckks_titanic/notebooks/Appendix B-ap-polynomial-approximations.ipynb is not trusted
[I 12:18:48.979 LabApp] Saving file at /ckks_titanic/notebooks/Appendix B-ap-polynomial-approximations.ipynb
[W 12:18:48.979 LabApp] Notebook ckks_titanic/notebooks/Appendix B-ap-polynomial-approximations.ipynb is not trusted
[I 12:20:49.091 LabApp] Saving file at /ckks_titanic/notebooks/Appendix B-ap-polynomial-approximations.ipynb
[W 12:20:49.092 LabApp] Notebook ckks_titanic/notebooks/Appendix B-ap-polynomial-approximations.ipynb is not trusted
[I 12:22:49.226 LabApp] Saving file at /ckks_titanic/notebooks/Appendix B-ap-polynomial-approximations.ipynb
[W 12:22:49.227 LabApp] Notebook ckks_titanic/notebooks/Appendix B-ap-polynomial-approximations.ipynb is not trusted
[I 12:28:49.359 LabApp] Saving file at /ckks_titanic/notebooks/Appendix B-ap-polynomial-approximations.ipynb
[W 12:28:49.360 LabApp] Notebook ckks_titanic/notebooks/Appendix B-ap-polynomial-approximations.ipynb is not trusted
[I 12:30:49.466 LabApp] Saving file at /ckks_titanic/notebooks/Appendix B-ap-polynomial-approximations.ipynb
[W 12:30:49.466 LabApp] Notebook ckks_titanic/notebooks/Appendix B-ap-polynomial-approximations.ipynb is not trusted
[I 12:32:49.585 LabApp] Saving file at /ckks_titanic/notebooks/Appendix B-ap-polynomial-approximations.ipynb
[W 12:32:49.586 LabApp] Notebook ckks_titanic/notebooks/Appendix B-ap-polynomial-approximations.ipynb is not trusted
[I 12:34:49.702 LabApp] Saving file at /ckks_titanic/notebooks/Appendix B-ap-polynomial-approximations.ipynb
[W 12:34:49.702 LabApp] Notebook ckks_titanic/notebooks/Appendix B-ap-polynomial-approximations.ipynb is not trusted
[I 12:36:49.810 LabApp] Saving file at /ckks_titanic/notebooks/Appendix B-ap-polynomial-approximations.ipynb
[I 12:44:33.745 LabApp] Kernel shutdown: f6375cae-80ee-4706-a1fc-accdeb859011
[I 12:44:36.188 LabApp] Kernel shutdown: 737aa429-f754-471c-8acb-e5b83bd51b1b
[I 13:59:03.758 LabApp] Saving file at /ckks_titanic/notebooks/Appendix B-ap-polynomial-approximations.ipynb
[C 16:40:58.058 LabApp] received signal 15, stopping
[I 16:40:58.058 LabApp] Shutting down 3 kernels
[I 16:40:58.160 LabApp] Kernel shutdown: b7d2be0e-3b00-410a-94ee-4339f6d14aae
[I 16:40:58.160 LabApp] Kernel shutdown: d73133aa-8657-4436-85a2-1b2dbea385ad
[I 16:40:58.161 LabApp] Kernel shutdown: 2ff45116-2a95-459e-a8fa-80e12020c6aa
[I 07:52:51.191 LabApp] Writing notebook server cookie secret to /run/user/1001/jupyter/notebook_cookie_secret
[I 07:52:52.463 LabApp] JupyterLab extension loaded from /home/apignet/anaconda3/lib/python3.7/site-packages/jupyterlab
[I 07:52:52.463 LabApp] JupyterLab application directory is /home/apignet/anaconda3/share/jupyter/lab
[W 07:52:52.464 LabApp] JupyterLab server extension not enabled, manually loading...
[I 07:52:52.465 LabApp] JupyterLab extension loaded from /home/apignet/anaconda3/lib/python3.7/site-packages/jupyterlab
[I 07:52:52.465 LabApp] JupyterLab application directory is /home/apignet/anaconda3/share/jupyter/lab
[I 07:52:52.466 LabApp] Serving notebooks from local directory: /home/apignet/homomorphic-encryption
[I 07:52:52.466 LabApp] The Jupyter Notebook is running at:
[I 07:52:52.466 LabApp] http://(he2-test or 127.0.0.1):8888/
[I 07:52:52.466 LabApp] Use Control-C to stop this server and shut down all kernels (twice to skip confirmation).
[I 07:54:18.279 LabApp] 302 GET / (86.237.172.54) 0.51ms
[I 07:54:18.355 LabApp] 302 GET /lab? (86.237.172.54) 0.42ms
[W 07:54:25.683 LabApp] Not allowing login redirect to '/lab?'
[I 07:54:25.683 LabApp] 302 POST /login?next=%2Flab%3F (86.237.172.54) 1.09ms
[I 07:54:25.721 LabApp] 302 GET / (86.237.172.54) 0.29ms
[W 07:54:29.132 LabApp] Could not determine jupyterlab build status without nodejs
[W 07:54:31.168 LabApp] Notebook ckks_titanic/notebooks/1-ap-Bob.ipynb is not trusted
[W 07:54:31.237 LabApp] Notebook ckks_titanic/notebooks/Appendix A-ap- processing.ipynb is not trusted
[W 07:54:31.310 LabApp] Notebook ckks_titanic/notebooks/1-ap-Alice.ipynb is not trusted
[W 07:54:31.347 LabApp] Notebook ckks_titanic/notebooks/0-ap-encrypted-logistic-regression.ipynb is not trusted
[I 07:54:32.964 LabApp] Kernel started: c19f4f99-3de8-4ddd-ac92-334705ee9cc2
[I 07:54:33.349 LabApp] Kernel started: 7e40ec7f-3798-4a9b-bdc2-80116730e65f
[I 07:54:33.358 LabApp] Kernel started: 9d36ebd4-0678-4b5d-a33c-47fe0528df40
[I 07:54:33.368 LabApp] Kernel started: 7373da21-94fe-429a-8c8a-b95cd89ab294
[I 07:54:33.389 LabApp] Kernel started: 88dab1cd-9d04-4487-bf3b-4681cbe3ab8e
[I 07:54:33.939 LabApp] Adapting to protocol v5.1 for kernel c19f4f99-3de8-4ddd-ac92-334705ee9cc2
[I 07:54:34.214 LabApp] Adapting to protocol v5.1 for kernel c19f4f99-3de8-4ddd-ac92-334705ee9cc2
[I 07:54:34.317 LabApp] Adapting to protocol v5.1 for kernel 7e40ec7f-3798-4a9b-bdc2-80116730e65f
[I 07:54:34.403 LabApp] Adapting to protocol v5.1 for kernel 7e40ec7f-3798-4a9b-bdc2-80116730e65f
[I 07:54:34.483 LabApp] Adapting to protocol v5.1 for kernel 9d36ebd4-0678-4b5d-a33c-47fe0528df40
[I 07:54:34.558 LabApp] Adapting to protocol v5.1 for kernel 9d36ebd4-0678-4b5d-a33c-47fe0528df40
[I 07:54:34.637 LabApp] Adapting to protocol v5.1 for kernel 7373da21-94fe-429a-8c8a-b95cd89ab294
[I 07:54:34.712 LabApp] Adapting to protocol v5.1 for kernel 7373da21-94fe-429a-8c8a-b95cd89ab294
[I 07:54:34.790 LabApp] Adapting to protocol v5.1 for kernel 88dab1cd-9d04-4487-bf3b-4681cbe3ab8e
[I 07:54:34.871 LabApp] Adapting to protocol v5.1 for kernel 88dab1cd-9d04-4487-bf3b-4681cbe3ab8e
[I 07:56:36.270 LabApp] Saving file at /ckks_titanic/notebooks/Appendix B-ap-polynomial-approximations.ipynb
[I 07:56:36.335 LabApp] Saving file at /ckks_titanic/notebooks/1-ap-Bob.ipynb
[W 07:56:36.336 LabApp] Notebook ckks_titanic/notebooks/1-ap-Bob.ipynb is not trusted
[I 07:56:39.109 LabApp] Saving file at /ckks_titanic/notebooks/1-ap-Alice.ipynb
[W 07:56:39.109 LabApp] Notebook ckks_titanic/notebooks/1-ap-Alice.ipynb is not trusted
[I 08:02:59.616 LabApp] Copying ckks_titanic/notebooks/Appendix B-ap-polynomial-approximations.ipynb to /ckks_titanic/notebooks
[I 08:04:38.871 LabApp] Saving file at /ckks_titanic/notebooks/Appendix C-ap-Multiprocessing.ipynb
[I 08:06:39.784 LabApp] Saving file at /ckks_titanic/notebooks/Appendix C-ap-Multiprocessing.ipynb
[I 08:08:40.630 LabApp] Saving file at /ckks_titanic/notebooks/Appendix C-ap-Multiprocessing.ipynb
[I 08:14:41.646 LabApp] Saving file at /ckks_titanic/notebooks/Appendix C-ap-Multiprocessing.ipynb
[I 08:16:42.800 LabApp] Saving file at /ckks_titanic/notebooks/Appendix C-ap-Multiprocessing.ipynb
[I 08:16:45.497 LabApp] Saving file at /ckks_titanic/notebooks/1-ap-Alice.ipynb
[W 08:16:45.498 LabApp] Notebook ckks_titanic/notebooks/1-ap-Alice.ipynb is not trusted
[I 08:18:43.736 LabApp] Saving file at /ckks_titanic/notebooks/Appendix C-ap-Multiprocessing.ipynb
[I 08:20:44.843 LabApp] Saving file at /ckks_titanic/notebooks/Appendix C-ap-Multiprocessing.ipynb
[I 08:22:45.687 LabApp] Saving file at /ckks_titanic/notebooks/Appendix C-ap-Multiprocessing.ipynb
[I 08:26:51.678 LabApp] Saving file at /ckks_titanic/notebooks/Appendix C-ap-Multiprocessing.ipynb
[I 08:28:57.349 LabApp] Saving file at /ckks_titanic/notebooks/Appendix C-ap-Multiprocessing.ipynb
[I 08:30:57.939 LabApp] Saving file at /ckks_titanic/notebooks/Appendix C-ap-Multiprocessing.ipynb
[I 08:32:58.883 LabApp] Saving file at /ckks_titanic/notebooks/Appendix C-ap-Multiprocessing.ipynb
[W 08:34:23.929 LabApp] Notebook ckks_titanic/notebooks/0-ap-performance-evaluation-of-encrypted-logistic-regression.ipynb is not trusted
[I 08:34:30.329 LabApp] Kernel started: 924013de-327f-465a-acd1-3636bde24bec
[I 08:34:31.131 LabApp] Adapting to protocol v5.1 for kernel 924013de-327f-465a-acd1-3636bde24bec
[I 08:34:59.666 LabApp] Saving file at /ckks_titanic/notebooks/Appendix C-ap-Multiprocessing.ipynb
[I 08:36:44.358 LabApp] Saving file at /ckks_titanic/notebooks/0-ap-performance-evaluation-of-encrypted-logistic-regression.ipynb
[W 08:36:44.359 LabApp] Notebook ckks_titanic/notebooks/0-ap-performance-evaluation-of-encrypted-logistic-regression.ipynb is not trusted
[I 08:37:00.175 LabApp] Saving file at /ckks_titanic/notebooks/Appendix C-ap-Multiprocessing.ipynb
[I 08:39:00.768 LabApp] Saving file at /ckks_titanic/notebooks/Appendix C-ap-Multiprocessing.ipynb
[I 08:41:02.123 LabApp] Saving file at /ckks_titanic/notebooks/Appendix C-ap-Multiprocessing.ipynb
[I 09:01:15.130 LabApp] Starting buffering for 924013de-327f-465a-acd1-3636bde24bec:82e40f1a-8bee-41d6-a9e1-4c3856ed4fa5
[I 09:01:15.132 LabApp] Starting buffering for 88dab1cd-9d04-4487-bf3b-4681cbe3ab8e:675ad905-bc74-450f-9c4c-1366cd45c28d
[I 09:01:15.133 LabApp] Starting buffering for 7373da21-94fe-429a-8c8a-b95cd89ab294:cdb65aae-2761-4538-a504-4869f1e0a867
[I 09:01:15.135 LabApp] Starting buffering for 9d36ebd4-0678-4b5d-a33c-47fe0528df40:f55a5a6a-361c-4cef-b7a9-f0c0dcf9f3c2
[I 09:01:15.139 LabApp] Starting buffering for 7e40ec7f-3798-4a9b-bdc2-80116730e65f:738e8c25-a1c9-4e65-b827-1add629907db
[I 09:01:15.141 LabApp] Starting buffering for c19f4f99-3de8-4ddd-ac92-334705ee9cc2:cc9cadc5-0f36-483d-bd09-aee626910c4b
[I 09:20:26.774 LabApp] Adapting to protocol v5.1 for kernel 88dab1cd-9d04-4487-bf3b-4681cbe3ab8e
[I 09:20:26.775 LabApp] Restoring connection for 88dab1cd-9d04-4487-bf3b-4681cbe3ab8e:675ad905-bc74-450f-9c4c-1366cd45c28d
[I 09:20:26.852 LabApp] Adapting to protocol v5.1 for kernel 924013de-327f-465a-acd1-3636bde24bec
[I 09:20:26.852 LabApp] Restoring connection for 924013de-327f-465a-acd1-3636bde24bec:82e40f1a-8bee-41d6-a9e1-4c3856ed4fa5
[I 09:20:26.944 LabApp] Adapting to protocol v5.1 for kernel 7373da21-94fe-429a-8c8a-b95cd89ab294
[I 09:20:27.137 LabApp] Adapting to protocol v5.1 for kernel 7373da21-94fe-429a-8c8a-b95cd89ab294
[I 09:20:27.217 LabApp] Adapting to protocol v5.1 for kernel c19f4f99-3de8-4ddd-ac92-334705ee9cc2
[I 09:20:27.218 LabApp] Restoring connection for c19f4f99-3de8-4ddd-ac92-334705ee9cc2:cc9cadc5-0f36-483d-bd09-aee626910c4b
[I 09:20:27.292 LabApp] Adapting to protocol v5.1 for kernel 9d36ebd4-0678-4b5d-a33c-47fe0528df40
[I 09:20:27.371 LabApp] Adapting to protocol v5.1 for kernel 9d36ebd4-0678-4b5d-a33c-47fe0528df40
[I 09:20:27.461 LabApp] Adapting to protocol v5.1 for kernel 7e40ec7f-3798-4a9b-bdc2-80116730e65f
[I 09:20:27.462 LabApp] Restoring connection for 7e40ec7f-3798-4a9b-bdc2-80116730e65f:738e8c25-a1c9-4e65-b827-1add629907db
[I 09:20:27.535 LabApp] Adapting to protocol v5.1 for kernel 88dab1cd-9d04-4487-bf3b-4681cbe3ab8e
[I 09:20:29.054 LabApp] Adapting to protocol v5.1 for kernel 7e40ec7f-3798-4a9b-bdc2-80116730e65f
[I 09:22:16.285 LabApp] Saving file at /ckks_titanic/notebooks/Appendix C-ap-Multiprocessing.ipynb
[I 09:24:16.866 LabApp] Saving file at /ckks_titanic/notebooks/Appendix C-ap-Multiprocessing.ipynb
[I 09:26:17.507 LabApp] Saving file at /ckks_titanic/notebooks/Appendix C-ap-Multiprocessing.ipynb
[I 09:28:18.312 LabApp] Saving file at /ckks_titanic/notebooks/Appendix C-ap-Multiprocessing.ipynb
[I 09:30:18.962 LabApp] Saving file at /ckks_titanic/notebooks/Appendix C-ap-Multiprocessing.ipynb
[I 09:32:19.839 LabApp] Saving file at /ckks_titanic/notebooks/Appendix C-ap-Multiprocessing.ipynb
[I 09:34:20.603 LabApp] Saving file at /ckks_titanic/notebooks/Appendix C-ap-Multiprocessing.ipynb
[I 09:36:21.392 LabApp] Saving file at /ckks_titanic/notebooks/Appendix C-ap-Multiprocessing.ipynb
[I 09:38:21.710 LabApp] Saving file at /ckks_titanic/notebooks/Appendix C-ap-Multiprocessing.ipynb
[I 09:40:22.611 LabApp] Saving file at /ckks_titanic/notebooks/Appendix C-ap-Multiprocessing.ipynb
[I 09:42:23.393 LabApp] Saving file at /ckks_titanic/notebooks/Appendix C-ap-Multiprocessing.ipynb
[I 09:44:23.706 LabApp] Saving file at /ckks_titanic/notebooks/Appendix C-ap-Multiprocessing.ipynb
[I 09:48:24.226 LabApp] Saving file at /ckks_titanic/notebooks/Appendix C-ap-Multiprocessing.ipynb
[I 09:50:25.017 LabApp] Saving file at /ckks_titanic/notebooks/Appendix C-ap-Multiprocessing.ipynb
[I 09:52:26.336 LabApp] Saving file at /ckks_titanic/notebooks/Appendix C-ap-Multiprocessing.ipynb
[I 10:03:10.115 LabApp] Starting buffering for 7e40ec7f-3798-4a9b-bdc2-80116730e65f:738e8c25-a1c9-4e65-b827-1add629907db
[I 10:03:10.117 LabApp] Starting buffering for 9d36ebd4-0678-4b5d-a33c-47fe0528df40:9fa50793-266c-4cc2-93b2-533c77b69221
[I 10:03:10.117 LabApp] Starting buffering for c19f4f99-3de8-4ddd-ac92-334705ee9cc2:cc9cadc5-0f36-483d-bd09-aee626910c4b
[I 10:03:10.120 LabApp] Starting buffering for 7373da21-94fe-429a-8c8a-b95cd89ab294:11a78bc9-5d81-4354-9b2c-38682c7ba9cd
[I 10:03:10.121 LabApp] Starting buffering for 924013de-327f-465a-acd1-3636bde24bec:82e40f1a-8bee-41d6-a9e1-4c3856ed4fa5
[I 10:03:10.122 LabApp] Starting buffering for 88dab1cd-9d04-4487-bf3b-4681cbe3ab8e:675ad905-bc74-450f-9c4c-1366cd45c28d
[I 11:11:03.097 LabApp] Adapting to protocol v5.1 for kernel 924013de-327f-465a-acd1-3636bde24bec
[I 11:11:03.097 LabApp] Restoring connection for 924013de-327f-465a-acd1-3636bde24bec:82e40f1a-8bee-41d6-a9e1-4c3856ed4fa5
[I 11:11:03.244 LabApp] Adapting to protocol v5.1 for kernel c19f4f99-3de8-4ddd-ac92-334705ee9cc2
[I 11:11:03.244 LabApp] Restoring connection for c19f4f99-3de8-4ddd-ac92-334705ee9cc2:cc9cadc5-0f36-483d-bd09-aee626910c4b
[I 11:11:03.538 LabApp] Adapting to protocol v5.1 for kernel 7373da21-94fe-429a-8c8a-b95cd89ab294
[I 11:11:03.539 LabApp] Restoring connection for 7373da21-94fe-429a-8c8a-b95cd89ab294:11a78bc9-5d81-4354-9b2c-38682c7ba9cd
[I 11:11:03.887 LabApp] Adapting to protocol v5.1 for kernel 7e40ec7f-3798-4a9b-bdc2-80116730e65f
[I 11:11:03.954 LabApp] Adapting to protocol v5.1 for kernel 9d36ebd4-0678-4b5d-a33c-47fe0528df40
[I 11:11:03.954 LabApp] Restoring connection for 9d36ebd4-0678-4b5d-a33c-47fe0528df40:9fa50793-266c-4cc2-93b2-533c77b69221
[I 11:11:04.030 LabApp] Adapting to protocol v5.1 for kernel 88dab1cd-9d04-4487-bf3b-4681cbe3ab8e
[I 11:11:04.030 LabApp] Restoring connection for 88dab1cd-9d04-4487-bf3b-4681cbe3ab8e:675ad905-bc74-450f-9c4c-1366cd45c28d
[I 11:11:04.098 LabApp] Adapting to protocol v5.1 for kernel 7e40ec7f-3798-4a9b-bdc2-80116730e65f
[I 11:11:04.174 LabApp] Adapting to protocol v5.1 for kernel 7373da21-94fe-429a-8c8a-b95cd89ab294
[I 11:11:04.282 LabApp] Adapting to protocol v5.1 for kernel 9d36ebd4-0678-4b5d-a33c-47fe0528df40
[I 11:11:04.349 LabApp] Adapting to protocol v5.1 for kernel 88dab1cd-9d04-4487-bf3b-4681cbe3ab8e
[W 13:00:33.098 LabApp] WebSocket ping timeout after 119619 ms.
[W 13:00:33.245 LabApp] WebSocket ping timeout after 119647 ms.
[W 13:00:33.539 LabApp] WebSocket ping timeout after 119620 ms.
[W 13:00:33.889 LabApp] WebSocket ping timeout after 119685 ms.
[W 13:00:33.955 LabApp] WebSocket ping timeout after 119709 ms.
[W 13:00:34.031 LabApp] WebSocket ping timeout after 119265 ms.
[W 13:00:34.100 LabApp] WebSocket ping timeout after 119685 ms.
[W 13:00:34.175 LabApp] WebSocket ping timeout after 119690 ms.
[W 13:00:34.283 LabApp] WebSocket ping timeout after 119689 ms.
[W 13:00:34.352 LabApp] WebSocket ping timeout after 119613 ms.
[I 13:00:38.102 LabApp] Starting buffering for 924013de-327f-465a-acd1-3636bde24bec:82e40f1a-8bee-41d6-a9e1-4c3856ed4fa5
[I 13:00:38.247 LabApp] Starting buffering for c19f4f99-3de8-4ddd-ac92-334705ee9cc2:cc9cadc5-0f36-483d-bd09-aee626910c4b
[I 13:00:39.101 LabApp] Starting buffering for 7e40ec7f-3798-4a9b-bdc2-80116730e65f:738e8c25-a1c9-4e65-b827-1add629907db
[I 13:00:39.176 LabApp] Starting buffering for 7373da21-94fe-429a-8c8a-b95cd89ab294:cdb65aae-2761-4538-a504-4869f1e0a867
[I 13:00:39.284 LabApp] Starting buffering for 9d36ebd4-0678-4b5d-a33c-47fe0528df40:f55a5a6a-361c-4cef-b7a9-f0c0dcf9f3c2
[I 13:00:39.352 LabApp] Starting buffering for 88dab1cd-9d04-4487-bf3b-4681cbe3ab8e:c26c2d64-2760-4a63-ba30-abff675a1347
[I 13:05:15.185 LabApp] Saving file at /ckks_titanic/notebooks/Appendix C-ap-Multiprocessing.ipynb
[I 13:06:49.885 LabApp] Adapting to protocol v5.1 for kernel 924013de-327f-465a-acd1-3636bde24bec
[I 13:06:49.885 LabApp] Restoring connection for 924013de-327f-465a-acd1-3636bde24bec:82e40f1a-8bee-41d6-a9e1-4c3856ed4fa5
[I 13:06:50.274 LabApp] Adapting to protocol v5.1 for kernel c19f4f99-3de8-4ddd-ac92-334705ee9cc2
[I 13:06:50.274 LabApp] Restoring connection for c19f4f99-3de8-4ddd-ac92-334705ee9cc2:cc9cadc5-0f36-483d-bd09-aee626910c4b
[I 13:06:50.644 LabApp] Adapting to protocol v5.1 for kernel 7373da21-94fe-429a-8c8a-b95cd89ab294
[I 13:06:50.928 LabApp] Adapting to protocol v5.1 for kernel 9d36ebd4-0678-4b5d-a33c-47fe0528df40
[I 13:06:52.359 LabApp] Adapting to protocol v5.1 for kernel 7e40ec7f-3798-4a9b-bdc2-80116730e65f
[I 13:06:52.359 LabApp] Restoring connection for 7e40ec7f-3798-4a9b-bdc2-80116730e65f:738e8c25-a1c9-4e65-b827-1add629907db
[I 13:06:52.685 LabApp] Adapting to protocol v5.1 for kernel 7373da21-94fe-429a-8c8a-b95cd89ab294
[I 13:06:52.927 LabApp] Adapting to protocol v5.1 for kernel 7e40ec7f-3798-4a9b-bdc2-80116730e65f
[I 13:06:53.151 LabApp] Adapting to protocol v5.1 for kernel 9d36ebd4-0678-4b5d-a33c-47fe0528df40
[I 13:06:53.262 LabApp] Adapting to protocol v5.1 for kernel 88dab1cd-9d04-4487-bf3b-4681cbe3ab8e
[I 13:06:53.262 LabApp] Restoring connection for 88dab1cd-9d04-4487-bf3b-4681cbe3ab8e:c26c2d64-2760-4a63-ba30-abff675a1347
[I 13:06:53.350 LabApp] Adapting to protocol v5.1 for kernel 88dab1cd-9d04-4487-bf3b-4681cbe3ab8e
[I 13:07:15.510 LabApp] Saving file at /ckks_titanic/notebooks/Appendix C-ap-Multiprocessing.ipynb
[I 13:09:18.737 LabApp] Saving file at /ckks_titanic/notebooks/Appendix C-ap-Multiprocessing.ipynb
[I 13:11:43.238 LabApp] Saving file at /ckks_titanic/notebooks/Appendix C-ap-Multiprocessing.ipynb
[I 13:15:51.160 LabApp] Saving file at /ckks_titanic/notebooks/Appendix C-ap-Multiprocessing.ipynb
[I 13:18:07.048 LabApp] Saving file at /ckks_titanic/notebooks/Appendix C-ap-Multiprocessing.ipynb
[W 13:18:31.228 LabApp] Replacing stale connection: 88dab1cd-9d04-4487-bf3b-4681cbe3ab8e:c26c2d64-2760-4a63-ba30-abff675a1347
[I 13:18:36.230 LabApp] Adapting to protocol v5.1 for kernel 88dab1cd-9d04-4487-bf3b-4681cbe3ab8e
[W 13:18:50.275 LabApp] WebSocket ping timeout after 115286 ms.
[W 13:18:54.463 LabApp] Replacing stale connection: c19f4f99-3de8-4ddd-ac92-334705ee9cc2:cc9cadc5-0f36-483d-bd09-aee626910c4b
[I 13:18:55.277 LabApp] Starting buffering for c19f4f99-3de8-4ddd-ac92-334705ee9cc2:cc9cadc5-0f36-483d-bd09-aee626910c4b
[I 13:18:55.278 LabApp] Adapting to protocol v5.1 for kernel c19f4f99-3de8-4ddd-ac92-334705ee9cc2
[I 13:18:55.279 LabApp] Restoring connection for c19f4f99-3de8-4ddd-ac92-334705ee9cc2:cc9cadc5-0f36-483d-bd09-aee626910c4b
[I 13:22:06.308 LabApp] Saving file at /ckks_titanic/notebooks/Appendix C-ap-Multiprocessing.ipynb
[I 13:23:07.489 LabApp] Saving file at /ckks_titanic/notebooks/1-ap-Alice.ipynb
[W 13:23:07.489 LabApp] Notebook ckks_titanic/notebooks/1-ap-Alice.ipynb is not trusted
[W 13:26:52.361 LabApp] WebSocket ping timeout after 119252 ms.
[W 13:26:52.686 LabApp] WebSocket ping timeout after 119698 ms.
[W 13:26:52.929 LabApp] WebSocket ping timeout after 119811 ms.
[W 13:26:53.152 LabApp] WebSocket ping timeout after 119442 ms.
[W 13:26:53.351 LabApp] WebSocket ping timeout after 119871 ms.
[W 13:26:55.280 LabApp] WebSocket ping timeout after 119708 ms.
[I 13:26:57.930 LabApp] Starting buffering for 7e40ec7f-3798-4a9b-bdc2-80116730e65f:c20fdbfa-2459-4547-b20a-d7867eb62e1d
[I 13:27:00.281 LabApp] Starting buffering for c19f4f99-3de8-4ddd-ac92-334705ee9cc2:cc9cadc5-0f36-483d-bd09-aee626910c4b
[W 13:27:06.232 LabApp] WebSocket ping timeout after 119681 ms.
[I 13:27:11.235 LabApp] Starting buffering for 88dab1cd-9d04-4487-bf3b-4681cbe3ab8e:c26c2d64-2760-4a63-ba30-abff675a1347
[W 13:27:19.887 LabApp] WebSocket ping timeout after 118011 ms.
[W 13:27:20.646 LabApp] WebSocket ping timeout after 119684 ms.
[W 13:27:20.930 LabApp] WebSocket ping timeout after 119730 ms.
[I 13:27:24.888 LabApp] Starting buffering for 924013de-327f-465a-acd1-3636bde24bec:82e40f1a-8bee-41d6-a9e1-4c3856ed4fa5
[I 13:27:25.648 LabApp] Starting buffering for 7373da21-94fe-429a-8c8a-b95cd89ab294:11a78bc9-5d81-4354-9b2c-38682c7ba9cd
[I 13:27:25.932 LabApp] Starting buffering for 9d36ebd4-0678-4b5d-a33c-47fe0528df40:9fa50793-266c-4cc2-93b2-533c77b69221
[I 13:28:03.821 LabApp] Adapting to protocol v5.1 for kernel 7e40ec7f-3798-4a9b-bdc2-80116730e65f
[I 13:29:34.175 LabApp] Saving file at /ckks_titanic/notebooks/Appendix C-ap-Multiprocessing.ipynb
[I 13:29:35.800 LabApp] Saving file at /ckks_titanic/notebooks/Appendix C-ap-Multiprocessing.ipynb
[I 13:29:37.274 LabApp] Saving file at /ckks_titanic/notebooks/Appendix C-ap-Multiprocessing.ipynb
[I 13:29:38.193 LabApp] Saving file at /ckks_titanic/notebooks/Appendix C-ap-Multiprocessing.ipynb
[I 13:29:38.243 LabApp] Saving file at /ckks_titanic/notebooks/Appendix C-ap-Multiprocessing.ipynb
[I 13:29:38.514 LabApp] Saving file at /ckks_titanic/notebooks/Appendix C-ap-Multiprocessing.ipynb
[I 13:30:42.435 LabApp] Saving file at /ckks_titanic/notebooks/1-ap-Alice.ipynb
[W 13:30:42.435 LabApp] Notebook ckks_titanic/notebooks/1-ap-Alice.ipynb is not trusted
[I 13:33:09.605 LabApp] Adapting to protocol v5.1 for kernel 7373da21-94fe-429a-8c8a-b95cd89ab294
[I 13:33:10.176 LabApp] Adapting to protocol v5.1 for kernel 88dab1cd-9d04-4487-bf3b-4681cbe3ab8e
[I 13:33:10.731 LabApp] Adapting to protocol v5.1 for kernel 9d36ebd4-0678-4b5d-a33c-47fe0528df40
[I 13:33:12.170 LabApp] Adapting to protocol v5.1 for kernel c19f4f99-3de8-4ddd-ac92-334705ee9cc2
[I 13:33:12.170 LabApp] Restoring connection for c19f4f99-3de8-4ddd-ac92-334705ee9cc2:cc9cadc5-0f36-483d-bd09-aee626910c4b
[I 13:33:20.123 LabApp] Adapting to protocol v5.1 for kernel 7e40ec7f-3798-4a9b-bdc2-80116730e65f
[I 13:33:24.220 LabApp] Adapting to protocol v5.1 for kernel 88dab1cd-9d04-4487-bf3b-4681cbe3ab8e
[I 13:33:38.622 LabApp] Adapting to protocol v5.1 for kernel 7373da21-94fe-429a-8c8a-b95cd89ab294
[I 13:33:42.218 LabApp] Adapting to protocol v5.1 for kernel 9d36ebd4-0678-4b5d-a33c-47fe0528df40
[I 13:33:42.792 LabApp] Adapting to protocol v5.1 for kernel 924013de-327f-465a-acd1-3636bde24bec
[I 13:33:42.792 LabApp] Restoring connection for 924013de-327f-465a-acd1-3636bde24bec:82e40f1a-8bee-41d6-a9e1-4c3856ed4fa5
[I 13:37:13.669 LabApp] Creating new directory in /ckks_titanic/reports
[I 13:44:12.486 LabApp] Saving file at /ckks_titanic/notebooks/Appendix C-ap-Multiprocessing.ipynb
[I 13:50:20.735 LabApp] Saving file at /ckks_titanic/notebooks/Appendix C-ap-Multiprocessing.ipynb
[I 13:52:21.055 LabApp] Saving file at /ckks_titanic/notebooks/Appendix C-ap-Multiprocessing.ipynb
[I 13:54:23.187 LabApp] Saving file at /ckks_titanic/notebooks/Appendix C-ap-Multiprocessing.ipynb
[I 13:56:23.621 LabApp] Saving file at /ckks_titanic/notebooks/Appendix C-ap-Multiprocessing.ipynb
[I 13:56:54.559 LabApp] Starting buffering for 7e40ec7f-3798-4a9b-bdc2-80116730e65f:c20fdbfa-2459-4547-b20a-d7867eb62e1d
[I 13:56:54.873 LabApp] Kernel restarted: 7e40ec7f-3798-4a9b-bdc2-80116730e65f
[I 13:56:55.781 LabApp] Adapting to protocol v5.1 for kernel 7e40ec7f-3798-4a9b-bdc2-80116730e65f
[I 13:56:55.781 LabApp] Restoring connection for 7e40ec7f-3798-4a9b-bdc2-80116730e65f:c20fdbfa-2459-4547-b20a-d7867eb62e1d
[I 13:56:55.781 LabApp] Replaying 7 buffered messages
[I 13:56:55.864 LabApp] Adapting to protocol v5.1 for kernel 7e40ec7f-3798-4a9b-bdc2-80116730e65f
[I 13:58:24.130 LabApp] Saving file at /ckks_titanic/notebooks/Appendix C-ap-Multiprocessing.ipynb
[I 14:04:25.594 LabApp] Saving file at /ckks_titanic/notebooks/Appendix C-ap-Multiprocessing.ipynb
[I 14:06:26.315 LabApp] Saving file at /ckks_titanic/notebooks/Appendix C-ap-Multiprocessing.ipynb
[I 14:08:26.676 LabApp] Saving file at /ckks_titanic/notebooks/Appendix C-ap-Multiprocessing.ipynb
[I 14:10:27.019 LabApp] Saving file at /ckks_titanic/notebooks/Appendix C-ap-Multiprocessing.ipynb
[I 14:14:28.083 LabApp] Saving file at /ckks_titanic/notebooks/Appendix C-ap-Multiprocessing.ipynb
[I 14:26:11.898 LabApp] Kernel shutdown: c19f4f99-3de8-4ddd-ac92-334705ee9cc2
[I 14:26:12.141 LabApp] Kernel shutdown: 9d36ebd4-0678-4b5d-a33c-47fe0528df40
[I 14:26:12.343 LabApp] Kernel shutdown: 88dab1cd-9d04-4487-bf3b-4681cbe3ab8e
[I 14:26:12.544 LabApp] Kernel shutdown: 7373da21-94fe-429a-8c8a-b95cd89ab294
[I 14:26:12.745 LabApp] Kernel shutdown: 924013de-327f-465a-acd1-3636bde24bec
[I 14:26:17.847 LabApp] Kernel shutdown: 7e40ec7f-3798-4a9b-bdc2-80116730e65f
[W 14:26:17.855 LabApp] Got events for closed stream None
[W 14:26:17.855 LabApp] Got events for closed stream None
[W 14:26:17.855 LabApp] Got events for closed stream None
[W 14:26:17.855 LabApp] Got events for closed stream None
[W 14:26:17.855 LabApp] Got events for closed stream None
[W 14:26:17.856 LabApp] Got events for closed stream None
[I 14:26:17.938 LabApp] Kernel started: 2fcc8747-a522-4465-b6fc-ed4c43a573d8
[W 14:26:17.939 LabApp] Got events for closed stream None
[W 14:26:17.939 LabApp] Got events for closed stream None
[I 14:26:22.155 LabApp] Adapting to protocol v5.1 for kernel 2fcc8747-a522-4465-b6fc-ed4c43a573d8
[I 14:26:30.753 LabApp] Saving file at /ckks_titanic/notebooks/Appendix C-ap-Multiprocessing.ipynb
[I 14:28:31.778 LabApp] Saving file at /ckks_titanic/notebooks/Appendix C-ap-Multiprocessing.ipynb
[I 14:32:32.704 LabApp] Saving file at /ckks_titanic/notebooks/Appendix C-ap-Multiprocessing.ipynb
[I 14:35:51.236 LabApp] Starting buffering for 2fcc8747-a522-4465-b6fc-ed4c43a573d8:10182fe5-df6e-4941-868d-ca8ce618fb7a
[I 14:35:56.308 LabApp] Kernel restarted: 2fcc8747-a522-4465-b6fc-ed4c43a573d8
[I 14:35:57.469 LabApp] Adapting to protocol v5.1 for kernel 2fcc8747-a522-4465-b6fc-ed4c43a573d8
[I 14:35:57.470 LabApp] Restoring connection for 2fcc8747-a522-4465-b6fc-ed4c43a573d8:10182fe5-df6e-4941-868d-ca8ce618fb7a
[I 14:36:33.733 LabApp] Saving file at /ckks_titanic/notebooks/Appendix C-ap-Multiprocessing.ipynb
[I 14:42:35.573 LabApp] Saving file at /ckks_titanic/notebooks/Appendix C-ap-Multiprocessing.ipynb
[I 14:44:36.029 LabApp] Saving file at /ckks_titanic/notebooks/Appendix C-ap-Multiprocessing.ipynb
[I 14:48:36.353 LabApp] Saving file at /ckks_titanic/notebooks/Appendix C-ap-Multiprocessing.ipynb
[I 15:26:36.736 LabApp] Saving file at /ckks_titanic/notebooks/Appendix C-ap-Multiprocessing.ipynb
[I 15:28:37.066 LabApp] Saving file at /ckks_titanic/notebooks/Appendix C-ap-Multiprocessing.ipynb
[I 15:30:37.416 LabApp] Saving file at /ckks_titanic/notebooks/Appendix C-ap-Multiprocessing.ipynb
[I 15:32:37.732 LabApp] Saving file at /ckks_titanic/notebooks/Appendix C-ap-Multiprocessing.ipynb
[I 15:34:38.052 LabApp] Saving file at /ckks_titanic/notebooks/Appendix C-ap-Multiprocessing.ipynb
[I 15:36:00.645 LabApp] Starting buffering for 2fcc8747-a522-4465-b6fc-ed4c43a573d8:10182fe5-df6e-4941-868d-ca8ce618fb7a
[I 15:36:01.260 LabApp] Kernel restarted: 2fcc8747-a522-4465-b6fc-ed4c43a573d8
[I 15:36:02.142 LabApp] Adapting to protocol v5.1 for kernel 2fcc8747-a522-4465-b6fc-ed4c43a573d8
[I 15:36:02.142 LabApp] Restoring connection for 2fcc8747-a522-4465-b6fc-ed4c43a573d8:10182fe5-df6e-4941-868d-ca8ce618fb7a
[I 15:36:02.142 LabApp] Replaying 7 buffered messages
[I 15:36:04.653 LabApp] Starting buffering for 2fcc8747-a522-4465-b6fc-ed4c43a573d8:10182fe5-df6e-4941-868d-ca8ce618fb7a
[I 15:36:04.865 LabApp] Kernel restarted: 2fcc8747-a522-4465-b6fc-ed4c43a573d8
[I 15:36:06.057 LabApp] Adapting to protocol v5.1 for kernel 2fcc8747-a522-4465-b6fc-ed4c43a573d8
[I 15:36:06.057 LabApp] Restoring connection for 2fcc8747-a522-4465-b6fc-ed4c43a573d8:10182fe5-df6e-4941-868d-ca8ce618fb7a
[I 15:36:06.057 LabApp] Replaying 9 buffered messages
[I 15:36:38.351 LabApp] Saving file at /ckks_titanic/notebooks/Appendix C-ap-Multiprocessing.ipynb
[I 15:38:38.665 LabApp] Saving file at /ckks_titanic/notebooks/Appendix C-ap-Multiprocessing.ipynb
[I 15:41:41.902 LabApp] Saving file at /ckks_titanic/notebooks/Appendix C-ap-Multiprocessing.ipynb
[I 15:41:50.475 LabApp] Starting buffering for 2fcc8747-a522-4465-b6fc-ed4c43a573d8:10182fe5-df6e-4941-868d-ca8ce618fb7a
